2024-07-27T14:23:30.324Z [info]: Server running on port 3001
2024-07-27T14:24:00.316Z [error]: Failed to connect to MongoDB: connect ECONNREFUSED 127.0.0.1:27017
2024-07-27T14:31:43.863Z [info]: Server running on port 3001
2024-07-27T14:32:13.857Z [error]: Failed to connect to MongoDB: connect ECONNREFUSED 127.0.0.1:27017
2024-07-27T14:32:48.869Z [error]: Failed to connect to MongoDB: connect ECONNREFUSED 127.0.0.1:27017
2024-07-27T14:33:23.883Z [error]: Failed to connect to MongoDB: connect ECONNREFUSED 127.0.0.1:27017
2024-07-27T14:33:58.892Z [error]: Failed to connect to MongoDB: connect ECONNREFUSED 127.0.0.1:27017
2024-07-27T14:34:07.376Z [error]: Error fetching memes: Operation `memes.find()` buffering timed out after 10000ms
2024-07-27T14:34:11.855Z [error]: Error creating meme: Operation `memes.insertOne()` buffering timed out after 10000ms
2024-07-27T14:34:16.367Z [error]: Error creating meme: Operation `memes.insertOne()` buffering timed out after 10000ms
2024-07-27T14:34:33.900Z [error]: Failed to connect to MongoDB: connect ECONNREFUSED 127.0.0.1:27017
2024-07-27T14:35:08.909Z [error]: Failed to connect to MongoDB: connect ECONNREFUSED 127.0.0.1:27017
2024-07-27T14:35:43.915Z [error]: Failed to connect to MongoDB: connect ECONNREFUSED 127.0.0.1:27017
2024-07-27T14:36:18.925Z [error]: Failed to connect to MongoDB: connect ECONNREFUSED 127.0.0.1:27017
2024-07-27T14:36:53.942Z [error]: Failed to connect to MongoDB: connect ECONNREFUSED 127.0.0.1:27017
2024-07-27T14:37:28.956Z [error]: Failed to connect to MongoDB: connect ECONNREFUSED 127.0.0.1:27017
2024-07-27T14:37:43.530Z [info]: Connected to MongoDB
2024-07-27T14:38:11.189Z [info]: Server running on port 3001
2024-07-27T14:38:11.220Z [info]: Connected to MongoDB
2024-07-27T14:38:33.681Z [info]: New meme created
2024-07-27T14:38:44.334Z [info]: Meme deleted
2024-07-27T14:38:51.196Z [info]: New meme created
2024-07-27T14:39:02.061Z [info]: New meme created
2024-07-27T14:40:25.815Z [info]: Meme deleted
2024-07-27T14:40:27.412Z [info]: Meme deleted
2024-07-27T15:22:27.365Z [info]: Server running on port 3001
2024-07-27T15:22:27.398Z [info]: Connected to MongoDB
2024-07-27T15:29:14.820Z [warn]: Validation error: "text" is required
2024-07-27T15:33:17.664Z [info]: Server running on port 3001
2024-07-27T15:33:17.694Z [info]: Connected to MongoDB
2024-07-27T15:33:36.818Z [warn]: Validation error: "text" is required
2024-07-27T17:15:11.991Z [info]: Server running on port 3001
2024-07-27T17:15:12.017Z [info]: Connected to MongoDB
2024-07-27T17:15:53.717Z [info]: Received data:
2024-07-27T17:15:53.725Z [warn]: Validation error: "text" is required
2024-07-27T17:16:05.211Z [info]: Received data:
2024-07-27T17:16:05.212Z [warn]: Validation error: "text" is required
2024-07-27T17:18:46.259Z [info]: Received data:
2024-07-27T17:18:46.262Z [warn]: Validation error: "text" is required
2024-07-27T17:20:20.058Z [info]: Server running on port 3001
2024-07-27T17:20:20.086Z [info]: Connected to MongoDB
2024-07-27T17:20:46.470Z [info]: Received data:
2024-07-27T17:20:46.485Z [warn]: Validation error: "text" is required
2024-07-27T17:23:07.413Z [info]: Received data:
2024-07-27T17:23:07.414Z [warn]: Validation error: "text" is required
2024-07-27T17:23:39.743Z [info]: Connected to MongoDB
2024-07-27T17:23:39.754Z [info]: Server running on port 3001
2024-07-27T17:26:31.132Z [info]: Connected to MongoDB
2024-07-27T17:26:31.148Z [info]: Server running on port 3001
2024-07-27T17:27:55.884Z [info]: Connected to MongoDB
2024-07-27T17:27:55.899Z [info]: Server running on port 3001
2024-07-27T17:28:22.997Z [info]: Connected to MongoDB
2024-07-27T17:28:23.013Z [info]: Server running on port 3001
2024-07-27T17:28:31.560Z [info]: Received data:
2024-07-27T17:28:31.561Z [info]: Received file:
2024-07-27T17:28:31.589Z [info]: New meme created
